<?xml version="1.0" encoding="UTF-8"?>
<!-- Generated by org.testng.reporters.JUnitXMLReporter -->
<testsuite ignored="0" hostname="DESKTOP-JB2UEEU" failures="0" tests="3" name="Command line test" time="0.042" errors="0" timestamp="2020-03-16T23:54:33 CDT">
  <testcase classname="com.automation.tests.day7.TestNgDemo" name="test3" time="0.003">
    <skipped/>
  </testcase> <!-- test3 -->
  <testcase classname="com.automation.tests.day7.TestNgDemo" name="test1" time="0.0"/>
  <testcase classname="com.automation.tests.day7.TestNgDemo" name="test2" time="0.0"/>
</testsuite> <!-- Command line test -->
