<?xml version="1.0" encoding="UTF-8"?>
<testng-results ignored="0" total="3" passed="2" failed="0" skipped="1">
  <reporter-output>
  </reporter-output>
  <suite started-at="2020-03-16T23:54:33 CDT" name="Command line suite" finished-at="2020-03-16T23:54:33 CDT" duration-ms="42">
    <groups>
    </groups>
    <test started-at="2020-03-16T23:54:33 CDT" name="Command line test" finished-at="2020-03-16T23:54:33 CDT" duration-ms="42">
      <class name="com.automation.tests.day7.TestNgDemo">
        <test-method is-config="true" signature="beforeSuit()[pri:0, instance:com.automation.tests.day7.TestNgDemo@401e7803]" started-at="2020-03-16T23:54:33 CDT" name="beforeSuit" finished-at="2020-03-16T23:54:33 CDT" duration-ms="11" status="PASS">
          <reporter-output>
          </reporter-output>
        </test-method> <!-- beforeSuit -->
        <test-method is-config="true" signature="beforeTest()[pri:0, instance:com.automation.tests.day7.TestNgDemo@401e7803]" started-at="2020-03-16T23:54:33 CDT" name="beforeTest" finished-at="2020-03-16T23:54:33 CDT" duration-ms="1" status="PASS">
          <reporter-output>
          </reporter-output>
        </test-method> <!-- beforeTest -->
        <test-method is-config="true" signature="beforeClass()[pri:0, instance:com.automation.tests.day7.TestNgDemo@401e7803]" started-at="2020-03-16T23:54:33 CDT" name="beforeClass" finished-at="2020-03-16T23:54:33 CDT" duration-ms="0" status="PASS">
          <reporter-output>
          </reporter-output>
        </test-method> <!-- beforeClass -->
        <test-method is-config="true" signature="beforeMethod()[pri:0, instance:com.automation.tests.day7.TestNgDemo@401e7803]" started-at="2020-03-16T23:54:33 CDT" name="beforeMethod" finished-at="2020-03-16T23:54:33 CDT" duration-ms="0" status="PASS">
          <reporter-output>
          </reporter-output>
        </test-method> <!-- beforeMethod -->
        <test-method signature="test3()[pri:1, instance:com.automation.tests.day7.TestNgDemo@401e7803]" started-at="2020-03-16T23:54:33 CDT" name="test3" finished-at="2020-03-16T23:54:33 CDT" duration-ms="3" status="SKIP">
          <exception class="org.testng.SkipException">
            <message>
              <![CDATA[just skipped]]>
            </message>
            <full-stacktrace>
              <![CDATA[org.testng.SkipException: just skipped
at com.automation.tests.day7.TestNgDemo.test3(TestNgDemo.java:42)
at java.base/jdk.internal.reflect.NativeMethodAccessorImpl.invoke0(Native Method)
at java.base/jdk.internal.reflect.NativeMethodAccessorImpl.invoke(NativeMethodAccessorImpl.java:62)
at java.base/jdk.internal.reflect.DelegatingMethodAccessorImpl.invoke(DelegatingMethodAccessorImpl.java:43)
at java.base/java.lang.reflect.Method.invoke(Method.java:567)
at org.testng.internal.MethodInvocationHelper.invokeMethod(MethodInvocationHelper.java:134)
at org.testng.internal.TestInvoker.invokeMethod(TestInvoker.java:597)
at org.testng.internal.TestInvoker.invokeTestMethod(TestInvoker.java:173)
at org.testng.internal.MethodRunner.runInSequence(MethodRunner.java:46)
at org.testng.internal.TestInvoker$MethodInvocationAgent.invoke(TestInvoker.java:816)
at org.testng.internal.TestInvoker.invokeTestMethods(TestInvoker.java:146)
at org.testng.internal.TestMethodWorker.invokeTestMethods(TestMethodWorker.java:146)
at org.testng.internal.TestMethodWorker.run(TestMethodWorker.java:128)
at java.base/java.util.ArrayList.forEach(ArrayList.java:1507)
at org.testng.TestRunner.privateRun(TestRunner.java:766)
at org.testng.TestRunner.run(TestRunner.java:587)
at org.testng.SuiteRunner.runTest(SuiteRunner.java:384)
at org.testng.SuiteRunner.runSequentially(SuiteRunner.java:378)
at org.testng.SuiteRunner.privateRun(SuiteRunner.java:337)
at org.testng.SuiteRunner.run(SuiteRunner.java:286)
at org.testng.SuiteRunnerWorker.runSuite(SuiteRunnerWorker.java:53)
at org.testng.SuiteRunnerWorker.run(SuiteRunnerWorker.java:96)
at org.testng.TestNG.runSuitesSequentially(TestNG.java:1187)
at org.testng.TestNG.runSuitesLocally(TestNG.java:1109)
at org.testng.TestNG.runSuites(TestNG.java:1039)
at org.testng.TestNG.run(TestNG.java:1007)
at org.apache.maven.surefire.testng.TestNGExecutor.run(TestNGExecutor.java:77)
at org.apache.maven.surefire.testng.TestNGDirectoryTestSuite.executeMulti(TestNGDirectoryTestSuite.java:159)
at org.apache.maven.surefire.testng.TestNGDirectoryTestSuite.execute(TestNGDirectoryTestSuite.java:99)
at org.apache.maven.surefire.testng.TestNGProvider.invoke(TestNGProvider.java:106)
at java.base/jdk.internal.reflect.NativeMethodAccessorImpl.invoke0(Native Method)
at java.base/jdk.internal.reflect.NativeMethodAccessorImpl.invoke(NativeMethodAccessorImpl.java:62)
at java.base/jdk.internal.reflect.DelegatingMethodAccessorImpl.invoke(DelegatingMethodAccessorImpl.java:43)
at java.base/java.lang.reflect.Method.invoke(Method.java:567)
at org.apache.maven.surefire.util.ReflectionUtils.invokeMethodWithArray(ReflectionUtils.java:189)
at org.apache.maven.surefire.booter.ProviderFactory$ProviderProxy.invoke(ProviderFactory.java:165)
at org.apache.maven.surefire.booter.ProviderFactory.invokeProvider(ProviderFactory.java:85)
at org.apache.maven.surefire.booter.ForkedBooter.runSuitesInProcess(ForkedBooter.java:115)
at org.apache.maven.surefire.booter.ForkedBooter.main(ForkedBooter.java:75)
]]>
            </full-stacktrace>
          </exception> <!-- org.testng.SkipException -->
          <reporter-output>
          </reporter-output>
        </test-method> <!-- test3 -->
        <test-method is-config="true" signature="afterMethod()[pri:0, instance:com.automation.tests.day7.TestNgDemo@401e7803]" started-at="2020-03-16T23:54:33 CDT" name="afterMethod" finished-at="2020-03-16T23:54:33 CDT" duration-ms="0" status="PASS">
          <reporter-output>
          </reporter-output>
        </test-method> <!-- afterMethod -->
        <test-method is-config="true" signature="beforeMethod()[pri:0, instance:com.automation.tests.day7.TestNgDemo@401e7803]" started-at="2020-03-16T23:54:33 CDT" name="beforeMethod" finished-at="2020-03-16T23:54:33 CDT" duration-ms="0" status="PASS">
          <reporter-output>
          </reporter-output>
        </test-method> <!-- beforeMethod -->
        <test-method signature="test1()[pri:2, instance:com.automation.tests.day7.TestNgDemo@401e7803]" started-at="2020-03-16T23:54:33 CDT" name="test1" finished-at="2020-03-16T23:54:33 CDT" duration-ms="0" status="PASS">
          <reporter-output>
          </reporter-output>
        </test-method> <!-- test1 -->
        <test-method is-config="true" signature="afterMethod()[pri:0, instance:com.automation.tests.day7.TestNgDemo@401e7803]" started-at="2020-03-16T23:54:33 CDT" name="afterMethod" finished-at="2020-03-16T23:54:33 CDT" duration-ms="0" status="PASS">
          <reporter-output>
          </reporter-output>
        </test-method> <!-- afterMethod -->
        <test-method is-config="true" signature="beforeMethod()[pri:0, instance:com.automation.tests.day7.TestNgDemo@401e7803]" started-at="2020-03-16T23:54:33 CDT" name="beforeMethod" finished-at="2020-03-16T23:54:33 CDT" duration-ms="1" status="PASS">
          <reporter-output>
          </reporter-output>
        </test-method> <!-- beforeMethod -->
        <test-method signature="test2()[pri:3, instance:com.automation.tests.day7.TestNgDemo@401e7803]" started-at="2020-03-16T23:54:33 CDT" name="test2" finished-at="2020-03-16T23:54:33 CDT" duration-ms="0" status="PASS">
          <reporter-output>
          </reporter-output>
        </test-method> <!-- test2 -->
        <test-method is-config="true" signature="afterMethod()[pri:0, instance:com.automation.tests.day7.TestNgDemo@401e7803]" started-at="2020-03-16T23:54:33 CDT" name="afterMethod" finished-at="2020-03-16T23:54:33 CDT" duration-ms="0" status="PASS">
          <reporter-output>
          </reporter-output>
        </test-method> <!-- afterMethod -->
        <test-method is-config="true" signature="AfterTest()[pri:0, instance:com.automation.tests.day7.TestNgDemo@401e7803]" started-at="2020-03-16T23:54:33 CDT" name="AfterTest" finished-at="2020-03-16T23:54:33 CDT" duration-ms="1" status="PASS">
          <reporter-output>
          </reporter-output>
        </test-method> <!-- AfterTest -->
        <test-method is-config="true" signature="afterClass()[pri:0, instance:com.automation.tests.day7.TestNgDemo@401e7803]" started-at="2020-03-16T23:54:33 CDT" name="afterClass" finished-at="2020-03-16T23:54:33 CDT" duration-ms="0" status="PASS">
          <reporter-output>
          </reporter-output>
        </test-method> <!-- afterClass -->
        <test-method is-config="true" signature="afterSuit()[pri:0, instance:com.automation.tests.day7.TestNgDemo@401e7803]" started-at="2020-03-16T23:54:33 CDT" name="afterSuit" finished-at="2020-03-16T23:54:33 CDT" duration-ms="0" status="PASS">
          <reporter-output>
          </reporter-output>
        </test-method> <!-- afterSuit -->
      </class> <!-- com.automation.tests.day7.TestNgDemo -->
    </test> <!-- Command line test -->
  </suite> <!-- Command line suite -->
</testng-results>
